Log file open, 06/01/18 14:31:59
LogWindows: Failed to load 'aqProf.dll' (GetLastError=126)
LogWindows: File 'aqProf.dll' does not exist
LogWindows: Failed to load 'VSPerf140.dll' (GetLastError=126)
LogWindows: File 'VSPerf140.dll' does not exist
LogWindows: Failed to load 'VtuneApi.dll' (GetLastError=126)
LogWindows: File 'VtuneApi.dll' does not exist
LogWindows: Failed to load 'VtuneApi32e.dll' (GetLastError=126)
LogWindows: File 'VtuneApi32e.dll' does not exist
LogInit: Display: Running engine for game: Startup
LogPlatformFile: Not using cached read wrapper
LogInit: Display: RandInit(-1683582764) SRandInit(-1683582764).
LogTaskGraph: Started task graph with 5 named threads and 14 total threads with 3 sets of task threads.
LogStats: Stats thread started at 0.206278
LogD3D11RHI: Aftermath initialized
LogPluginManager: Mounting plugin Paper2D
LogPluginManager: Mounting plugin LightPropagationVolume
LogPluginManager: Mounting plugin CodeLiteSourceCodeAccess
LogPluginManager: Mounting plugin GitSourceControl
LogPluginManager: Mounting plugin KDevelopSourceCodeAccess
LogPluginManager: Mounting plugin NullSourceCodeAccess
LogPluginManager: Mounting plugin PerforceSourceControl
LogPluginManager: Mounting plugin SubversionSourceControl
LogPluginManager: Mounting plugin UObjectPlugin
LogPluginManager: Mounting plugin VisualStudioSourceCodeAccess
LogPluginManager: Mounting plugin XCodeSourceCodeAccess
LogPluginManager: Mounting plugin AssetManagerEditor
LogPluginManager: Mounting plugin AudioCapture
LogPluginManager: Mounting plugin FacialAnimation
LogPluginManager: Mounting plugin GameplayTagsEditor
LogPluginManager: Mounting plugin MobileLauncherProfileWizard
LogPluginManager: Mounting plugin PluginBrowser
LogPluginManager: Mounting plugin SpeedTreeImporter
LogPluginManager: Mounting plugin AlembicImporter
LogPluginManager: Mounting plugin CharacterAI
LogPluginManager: Mounting plugin HTML5Networking
LogPluginManager: Mounting plugin AndroidMedia
LogPluginManager: Mounting plugin AvfMedia
LogPluginManager: Mounting plugin MediaPlayerEditor
LogPluginManager: Mounting plugin WmfMedia
LogPluginManager: Mounting plugin TcpMessaging
LogPluginManager: Mounting plugin UdpMessaging
LogPluginManager: Mounting plugin LevelSequenceEditor
LogPluginManager: Mounting plugin MatineeToLevelSequence
LogPluginManager: Mounting plugin OnlineSubsystemGooglePlay
LogPluginManager: Mounting plugin OnlineSubsystemIOS
LogPluginManager: Mounting plugin OnlineSubsystem
LogPluginManager: Mounting plugin OnlineSubsystemNull
LogPluginManager: Mounting plugin OnlineSubsystemUtils
LogPluginManager: Mounting plugin AndroidDeviceProfileSelector
LogPluginManager: Mounting plugin AndroidMoviePlayer
LogPluginManager: Mounting plugin AndroidPermission
LogPluginManager: Mounting plugin AppleMoviePlayer
LogPluginManager: Mounting plugin ArchVisCharacter
LogPluginManager: Mounting plugin CableComponent
LogPluginManager: Mounting plugin CustomMeshComponent
LogPluginManager: Mounting plugin ExampleDeviceProfileSelector
LogPluginManager: Mounting plugin GoogleCloudMessaging
LogPluginManager: Mounting plugin ImmediatePhysics
LogPluginManager: Mounting plugin IOSDeviceProfileSelector
LogPluginManager: Mounting plugin LinuxDeviceProfileSelector
LogPluginManager: Mounting plugin LocationServicesBPLibrary
LogPluginManager: Mounting plugin MobilePatchingUtils
LogPluginManager: Mounting plugin OculusVR
LogPluginManager: Mounting plugin PhysXVehicles
LogPluginManager: Mounting plugin ProceduralMeshComponent
LogPluginManager: Mounting plugin RuntimePhysXCooking
LogPluginManager: Mounting plugin SteamVR
LogPluginManager: Mounting plugin WindowsMoviePlayer
LogPluginManager: Mounting plugin Wwise
LogInit: Using libcurl 7.47.1
LogInit:  - built for x86_64-pc-win32
LogInit:  - supports SSL with OpenSSL/1.0.2g
LogInit:  - supports HTTP deflate (compression) using libz 1.2.8
LogInit:  - other features:
LogInit:      CURL_VERSION_SSL
LogInit:      CURL_VERSION_LIBZ
LogInit:      CURL_VERSION_IPV6
LogInit:      CURL_VERSION_ASYNCHDNS
LogInit:      CURL_VERSION_LARGEFILE
LogInit:      CURL_VERSION_IDN
LogInit:  CurlRequestOptions (configurable via config and command line):
LogInit:  - bVerifyPeer = false  - Libcurl will NOT verify peer certificate
LogInit:  - bUseHttpProxy = false  - Libcurl will NOT use HTTP proxy
LogInit:  - bDontReuseConnections = false  - Libcurl will reuse connections
LogInit:  - CertBundlePath = nullptr  - Libcurl will use whatever was configured at build time.
LogInit: Build: ++UE4+Release-4.17-CL-3658906
LogInit: Engine Version: 4.17.2-3658906+++UE4+Release-4.17
LogInit: Compatible Engine Version: 4.17.0-3573198+++UE4+Release-4.17
LogInit: Net CL: 3573198
LogDevObjectVersion: Number of dev versions registered: 16
LogDevObjectVersion:   Dev-Blueprints (B0D832E4-1F89-4F0D-ACCF-7EB736FD4AA2): 10
LogDevObjectVersion:   Dev-Build (E1C64328-A22C-4D53-A36C-8E866417BD8C): 0
LogDevObjectVersion:   Dev-Core (375EC13C-06E4-48FB-B500-84F0262A717E): 2
LogDevObjectVersion:   Dev-Editor (E4B068ED-F494-42E9-A231-DA0B2E46BB41): 20
LogDevObjectVersion:   Dev-Framework (CFFC743F-43B0-4480-9391-14DF171D2073): 28
LogDevObjectVersion:   Dev-Mobile (B02B49B5-BB20-44E9-A304-32B752E40360): 0
LogDevObjectVersion:   Dev-Networking (A4E4105C-59A1-49B5-A7C5-40C4547EDFEE): 0
LogDevObjectVersion:   Dev-Online (39C831C9-5AE6-47DC-9A44-9C173E1C8E7C): 0
LogDevObjectVersion:   Dev-Physics (78F01B33-EBEA-4F98-B9B4-84EACCB95AA2): 0
LogDevObjectVersion:   Dev-Platform (6631380F-2D4D-43E0-8009-CF276956A95A): 0
LogDevObjectVersion:   Dev-Rendering (12F88B9F-8875-4AFC-A67C-D90C383ABD29): 19
LogDevObjectVersion:   Dev-Sequencer (7B5AE74C-D270-4C10-A958-57980B212A5A): 4
LogDevObjectVersion:   Dev-VR (D7296918-1DD6-4BDD-9DE2-64A83CC13884): 0
LogDevObjectVersion:   Dev-LoadTimes (C2A15278-BFE7-4AFE-6C17-90FF531DF755): 1
LogDevObjectVersion:   Private-Geometry (6EACA3D4-40EC-4CC1-B786-8BED09428FC5): 1
LogDevObjectVersion:   Dev-AnimPhys (29E575DD-E0A3-4627-9D10-D276232CDCEA): 7
LogInit: Compiled (64-bit): Sep 22 2017 13:47:16
LogInit: Compiled with Visual C++: 19.00.24215.01
LogInit: Build Configuration: Development
LogInit: Branch Name: ++UE4+Release-4.17
LogInit: Command line:  
LogInit: Base directory: C:/Program Files/Epic Games/UE_4.17/Engine/Binaries/Win64/
LogInit: Installed Engine Build: 1
LogInit: Presizing for max 8388607 objects, including 0 objects not considered by GC, pre-allocating 0 bytes for permanent pool.
LogInit: Object subsystem initialized
[2018.06.01-21.32.00:184][  0]LogInit: Selected Device Profile: [Windows]
[2018.06.01-21.32.00:184][  0]LogInit: Applying CVar settings loaded from the selected device profile: [Windows]
[2018.06.01-21.32.00:196][  0]LogInit: Computer: RICHARD_HARKER
[2018.06.01-21.32.00:196][  0]LogInit: User: rhark000
[2018.06.01-21.32.00:196][  0]LogInit: CPU Page size=4096, Cores=4
[2018.06.01-21.32.00:196][  0]LogInit: High frequency timer resolution =2.435778 MHz
[2018.06.01-21.32.00:197][  0]LogMemory: Memory total: Physical=15.9GB (16GB approx)
[2018.06.01-21.32.00:197][  0]LogMemory: Platform Memory Stats for Windows
[2018.06.01-21.32.00:197][  0]LogMemory: Process Physical Memory: 277.73 MB used, 277.73 MB peak
[2018.06.01-21.32.00:197][  0]LogMemory: Process Virtual Memory: 274.64 MB used, 274.64 MB peak
[2018.06.01-21.32.00:197][  0]LogMemory: Physical Memory: 5981.71 MB used,  10283.31 MB free, 16265.02 MB total
[2018.06.01-21.32.00:197][  0]LogMemory: Virtual Memory: 706.92 MB used,  10283.31 MB free, 134217728.00 MB total
[2018.06.01-21.32.00:643][  0]LogInit: Using OS detected language (en-US).
[2018.06.01-21.32.00:643][  0]LogInit: Using OS detected locale (en-US).
[2018.06.01-21.32.00:646][  0]LogTextLocalizationManager: No specific localization for 'en-US' exists, so the 'en' localization will be used.
[2018.06.01-21.32.01:341][  0]LogD3D11RHI: D3D11 adapters:
[2018.06.01-21.32.02:591][  0]LogD3D11RHI:    0. 'NVIDIA GeForce GTX 765M' (Feature Level 11_0)
[2018.06.01-21.32.02:591][  0]LogD3D11RHI:       2018/0/8132 MB DedicatedVideo/DedicatedSystem/SharedSystem, Outputs:1, VendorId:0x10de
[2018.06.01-21.32.02:597][  0]LogD3D11RHI:    1. 'Intel(R) HD Graphics 4600' (Feature Level 11_0)
[2018.06.01-21.32.02:597][  0]LogD3D11RHI:       112/0/2048 MB DedicatedVideo/DedicatedSystem/SharedSystem, Outputs:0, VendorId:0x8086
[2018.06.01-21.32.02:600][  0]LogD3D11RHI:    2. 'Microsoft Basic Render Driver' (Feature Level 11_0)
[2018.06.01-21.32.02:600][  0]LogD3D11RHI:       0/0/8132 MB DedicatedVideo/DedicatedSystem/SharedSystem, Outputs:0, VendorId:0x1414
[2018.06.01-21.32.02:600][  0]LogD3D11RHI: Chosen D3D11 Adapter: 0
[2018.06.01-21.32.02:606][  0]LogD3D11RHI: Creating new Direct3DDevice
[2018.06.01-21.32.02:606][  0]LogD3D11RHI:     GPU DeviceId: 0x11e2 (for the marketing name, search the web for "GPU Device Id")
[2018.06.01-21.32.02:606][  0]LogWindows: EnumDisplayDevices:
[2018.06.01-21.32.02:606][  0]LogWindows:    0. 'Intel(R) HD Graphics 4600' (P:1 D:1)
[2018.06.01-21.32.02:606][  0]LogWindows:    1. 'Intel(R) HD Graphics 4600' (P:0 D:0)
[2018.06.01-21.32.02:607][  0]LogWindows:    2. 'Intel(R) HD Graphics 4600' (P:0 D:0)
[2018.06.01-21.32.02:607][  0]LogWindows:    3. 'NVIDIA GeForce GTX 765M' (P:0 D:0)
[2018.06.01-21.32.02:607][  0]LogWindows:    4. 'NVIDIA GeForce GTX 765M' (P:0 D:0)
[2018.06.01-21.32.02:607][  0]LogWindows:    5. 'NVIDIA GeForce GTX 765M' (P:0 D:0)
[2018.06.01-21.32.02:607][  0]LogWindows:    6. 'NVIDIA GeForce GTX 765M' (P:0 D:0)
[2018.06.01-21.32.02:607][  0]LogWindows: DebugString: GetVideoDriverDetailsInvalid PrimaryIsNotTheChoosenAdapter GetVideoDriverDetailsInvalid PrimaryIsNotTheChoosenAdapter GetVideoDriverDetailsInvalid PrimaryIsNotTheChoosenAdapter GetVideoDriverDetailsInvalid PrimaryIsNotTheChoosenAdapter GetVideoDriverDetailsInvalid PrimaryIsNotTheChoosenAdapter GetVideoDriverDetailsInvalid PrimaryIsNotTheChoosenAdapter GetVideoDriverDetailsInvalid PrimaryIsNotTheChoosenAdapter FoundDriverCount:0 
[2018.06.01-21.32.02:607][  0]LogD3D11RHI:     Adapter Name: NVIDIA GeForce GTX 765M
[2018.06.01-21.32.02:607][  0]LogD3D11RHI:   Driver Version: Unknown (internal:Unknown, unified:Unknown)
[2018.06.01-21.32.02:607][  0]LogD3D11RHI:      Driver Date: Unknown
[2018.06.01-21.32.02:607][  0]LogRHI: Texture pool is 1361 MB (70% of 1945 MB)
[2018.06.01-21.32.03:219][  0]LogD3D11RHI: Async texture creation enabled
[2018.06.01-21.32.03:277][  0]LogD3D11RHI: GPU Timing Frequency: 1000.000000 (Debug: 2 1)
[2018.06.01-21.32.03:279][  0]LogShaderCompilers: Guid format shader working directory is -10 characters bigger than the processId version (../../../../../../Users/rhark_000/Desktop/UE4_Wwise_Startup/Intermediate/Shaders/WorkingDirectory/14092/).
[2018.06.01-21.32.03:279][  0]LogShaderCompilers: Cleaned the shader compiler working directory 'C:/Users/rhark_000/AppData/Local/Temp/UnrealShaderWorkingDir/798662C94C423BF40E85C08F08D49893/'.
[2018.06.01-21.32.03:279][  0]LogShaderCompilers: Display: Using Local Shader Compiler.
[2018.06.01-21.32.04:269][  0]LogTemp: Display: Loaded TP AllDesktopTargetPlatform
[2018.06.01-21.32.04:324][  0]LogTemp: Display: Loaded TP MacClientTargetPlatform
[2018.06.01-21.32.04:377][  0]LogTemp: Display: Loaded TP MacNoEditorTargetPlatform
[2018.06.01-21.32.04:435][  0]LogTemp: Display: Loaded TP MacServerTargetPlatform
[2018.06.01-21.32.04:495][  0]LogTemp: Display: Loaded TP MacTargetPlatform
[2018.06.01-21.32.04:561][  0]LogTemp: Display: Loaded TP WindowsClientTargetPlatform
[2018.06.01-21.32.04:613][  0]LogTemp: Display: Loaded TP WindowsNoEditorTargetPlatform
[2018.06.01-21.32.04:677][  0]LogTemp: Display: Loaded TP WindowsServerTargetPlatform
[2018.06.01-21.32.04:723][  0]LogTemp: Display: Loaded TP WindowsTargetPlatform
[2018.06.01-21.32.04:783][  0]LogTemp: Display: Loaded TP AndroidTargetPlatform
[2018.06.01-21.32.04:845][  0]LogTemp: Display: Loaded TP Android_ASTCTargetPlatform
[2018.06.01-21.32.04:901][  0]LogTemp: Display: Loaded TP Android_ATCTargetPlatform
[2018.06.01-21.32.04:953][  0]LogTemp: Display: Loaded TP Android_DXTTargetPlatform
[2018.06.01-21.32.05:009][  0]LogTemp: Display: Loaded TP Android_ETC1TargetPlatform
[2018.06.01-21.32.05:066][  0]LogTemp: Display: Loaded TP Android_ETC2TargetPlatform
[2018.06.01-21.32.05:177][  0]LogTemp: Display: Loaded TP Android_MultiTargetPlatform
[2018.06.01-21.32.05:177][  0]LogTemp: Display: Loaded TP Android_PVRTCTargetPlatform
[2018.06.01-21.32.05:222][  0]LogTemp: Display: Loaded TP HTML5TargetPlatform
[2018.06.01-21.32.05:331][  0]LogTemp: Display: Loaded TP IOSTargetPlatform
[2018.06.01-21.32.05:362][  0]LogTemp: Display: Loaded TP TVOSTargetPlatform
[2018.06.01-21.32.05:420][  0]LogTemp: Display: Loaded TP LinuxClientTargetPlatform
[2018.06.01-21.32.05:485][  0]LogTemp: Display: Loaded TP LinuxNoEditorTargetPlatform
[2018.06.01-21.32.05:546][  0]LogTemp: Display: Loaded TP LinuxServerTargetPlatform
[2018.06.01-21.32.05:603][  0]LogTemp: Display: Loaded TP LinuxTargetPlatform
[2018.06.01-21.32.05:603][  0]LogTargetPlatformManager: Display: Building Assets For Windows
[2018.06.01-21.32.06:167][  0]LogDerivedDataCache: Display: Max Cache Size: 512 MB
[2018.06.01-21.32.06:258][  0]LogDerivedDataCache: Loaded boot cache 0.09s 93MB C:/Users/rhark_000/AppData/Local/UnrealEngine/4.17/DerivedDataCache/Boot.ddc.
[2018.06.01-21.32.06:258][  0]LogDerivedDataCache: Display: Loaded Boot cache: C:/Users/rhark_000/AppData/Local/UnrealEngine/4.17/DerivedDataCache/Boot.ddc
[2018.06.01-21.32.06:258][  0]LogDerivedDataCache: FDerivedDataBackendGraph:  Pak pak cache file ../../../../../../Users/rhark_000/Desktop/UE4_Wwise_Startup/DerivedDataCache/DDC.ddp not found, will not use a pak cache.
[2018.06.01-21.32.06:258][  0]LogDerivedDataCache: Unable to find inner node Pak for hierarchical cache Hierarchy.
[2018.06.01-21.32.06:258][  0]LogDerivedDataCache: FDerivedDataBackendGraph:  CompressedPak pak cache file ../../../../../../Users/rhark_000/Desktop/UE4_Wwise_Startup/DerivedDataCache/Compressed.ddp not found, will not use a pak cache.
[2018.06.01-21.32.06:258][  0]LogDerivedDataCache: Unable to find inner node CompressedPak for hierarchical cache Hierarchy.
[2018.06.01-21.32.06:278][  0]LogDerivedDataCache: Display: Pak cache opened for reading ../../../Engine/DerivedDataCache/Compressed.ddp.
[2018.06.01-21.32.06:289][  0]LogDerivedDataCache: Using Local data cache path C:/Users/rhark_000/AppData/Local/UnrealEngine/Common/DerivedDataCache: Writable
[2018.06.01-21.32.06:300][  0]LogMaterial: Verifying Global Shaders for PCD3D_SM5
[2018.06.01-21.32.06:300][  0]LogSlate: Using Freetype 2.6.0
[2018.06.01-21.32.06:301][  0]LogSlate: SlateFontCache - WITH_FREETYPE: 1, WITH_HARFBUZZ: 1
[2018.06.01-21.32.06:301][  0]LogSlate: SlateFontCache - WITH_FREETYPE: 1, WITH_HARFBUZZ: 1
[2018.06.01-21.32.06:901][  0]LogAssetRegistry: FAssetRegistry took 0.0263 seconds to start up
[2018.06.01-21.32.07:041][  0]LogInit: Selected Device Profile: [Windows]
[2018.06.01-21.32.07:501][  0]LogContentStreaming: Texture pool size is 0.00 MB
[2018.06.01-21.32.08:440][  0]LogSimplygon: Simplygon DLL not present - disabling.
[2018.06.01-21.32.08:480][  0]LogMeshReduction: Using SimplygonSwarm for distributed automatic mesh merging
[2018.06.01-21.32.08:480][  0]LogMeshReduction: Using QuadricMeshReduction for automatic static mesh reduction
[2018.06.01-21.32.08:480][  0]LogMeshReduction: No automatic skeletal mesh reduction module available
[2018.06.01-21.32.08:480][  0]LogMeshReduction: No automatic mesh merging module available
[2018.06.01-21.32.08:480][  0]LogMeshMerging: No automatic mesh merging module available
[2018.06.01-21.32.09:484][  0]LogNetVersion: Startup , NetCL: 3573198, EngineNetVer: 2, GameNetVer: 0 (Checksum: 1248429078)
[2018.06.01-21.32.09:719][  0]LogPackageLocalizationCache: Processed 6 localized package path(s) for 2 prioritized culture(s) in 0.061603 seconds
[2018.06.01-21.32.09:727][  0]LogUObjectArray: 35825 objects as part of root set at end of initial load.
[2018.06.01-21.32.09:727][  0]LogUObjectAllocator: 7529104 out of 0 bytes used by permanent object pool.
[2018.06.01-21.32.09:727][  0]LogUObjectArray: CloseDisregardForGC: 0/0 objects in disregard for GC pool
[2018.06.01-21.32.09:793][  0]LogInit: WinSock: version 1.1 (2.2), MaxSocks=32767, MaxUdp=65467
[2018.06.01-21.32.13:723][  0]LogTcpMessaging: Initializing TcpMessaging bridge
[2018.06.01-21.32.13:773][  0]LogUdpMessaging: Initializing bridge on interface 0.0.0.0:0 to multicast group 230.0.0.1:6666.
[2018.06.01-21.32.14:326][  0]LogAkAudio: Wwise(R) SDK Version 2017.2.4 Build 6590. Copyright (c) 2006-2017 Audiokinetic Inc.
[2018.06.01-21.32.14:351][  0]LogInit: Audiokinetic Audio Device setting bank directory to ../../../../../../Users/rhark_000/Desktop/UE4_Wwise_Startup/Content/WwiseAudio/Windows/.
[2018.06.01-21.32.14:353][  0]LogInit: Audiokinetic Audio Device initialized.
[2018.06.01-21.32.14:656][  0]LogMaterial: Uniform references updated for custom material expression Custom.
[2018.06.01-21.32.15:086][  0]SourceControl: Source control is disabled
[2018.06.01-21.32.15:087][  0]SourceControl: Source control is disabled
[2018.06.01-21.32.15:136][  0]SourceControl: Source control is disabled
[2018.06.01-21.32.15:188][  0]SourceControl: Source control is disabled
[2018.06.01-21.32.15:830][  0]LogAndroidPermission: UAndroidPermissionCallbackProxy::GetInstance
[2018.06.01-21.32.16:072][  0]LogOcInput: OculusInput pre-init called
[2018.06.01-21.32.16:350][  0]LogEngine: Initializing Engine...
[2018.06.01-21.32.16:359][  0]LogHMD: Failed to initialize OpenVR with code 108
[2018.06.01-21.32.16:566][  0]LogStats: UGameplayTagsManager::ConstructGameplayTagTree: Construct from data asset -  0.000 s
[2018.06.01-21.32.16:566][  0]LogStats: UGameplayTagsManager::ConstructGameplayTagTree: GameplayTagTreeChangedEvent.Broadcast -  0.000 s
[2018.06.01-21.32.16:691][  0]LogAIModule: Creating AISystem for world Untitled
[2018.06.01-21.32.16:695][  0]LogInit: XAudio2 using 'Speakers (Logitech G430 Gaming Headset)' : 2 channels at 48 kHz using 16 bits per sample (channel mask 0x3)
[2018.06.01-21.32.16:706][  0]LogInit: FAudioDevice initialized.
[2018.06.01-21.32.17:318][  0]LogDerivedDataCache: Saved boot cache 0.61s 93MB C:/Users/rhark_000/AppData/Local/UnrealEngine/4.17/DerivedDataCache/Boot.ddc.
[2018.06.01-21.32.17:331][  0]LogInit: Texture streaming: Enabled
[2018.06.01-21.32.17:442][  0]LogEngineSessionManager: EngineSessionManager initialized
[2018.06.01-21.32.17:679][  0]LogInit: Transaction tracking system initialized
[2018.06.01-21.32.17:993][  0]BlueprintLog: New page: Editor Load
[2018.06.01-21.32.18:905][  0]LocalizationService: Localization service is disabled
[2018.06.01-21.32.19:618][  0]LogConsoleResponse: Display: 
[2018.06.01-21.32.19:810][  0]LogCook: Display: Max memory allowance for cook 16384mb min free memory 0mb
[2018.06.01-21.32.19:810][  0]LogCook: Display: Mobile HDR setting 1
[2018.06.01-21.32.19:810][  0]LogGameplayTags: Display: UGameplayTagsManager::DoneAddingNativeTags. DelegateIsBound: 0
[2018.06.01-21.32.19:844][  0]LogFileCache: Scanning file cache for directory 'C:/Users/rhark_000/Desktop/UE4_Wwise_Startup/Content/' took 0.01s
[2018.06.01-21.32.21:198][  0]SourceControl: Source control is disabled
[2018.06.01-21.32.21:198][  0]Cmd: MAP LOAD FILE="../../../../../../Users/rhark_000/Desktop/UE4_Wwise_Startup/Content/Map/DemoMap.umap" TEMPLATE=0 SHOWPROGRESS=1 FEATURELEVEL=3
[2018.06.01-21.32.21:198][  0]LightingResults: New page: Lighting Build
[2018.06.01-21.32.21:239][  0]MapCheck: New page: Map Check
[2018.06.01-21.32.21:239][  0]LightingResults: New page: Lighting Build
[2018.06.01-21.32.21:454][  0]LogAIModule: Creating AISystem for world DemoMap
[2018.06.01-21.32.21:461][  0]LogEditorServer: Finished looking for orphan Actors (0.000 secs)
[2018.06.01-21.32.21:671][  0]Cmd: MAP CHECKDEP NOCLEARLOG
[2018.06.01-21.32.21:732][  0]MapCheck: Map check complete: 0 Error(s), 0 Warning(s), took 61.022ms to complete.
[2018.06.01-21.32.21:732][  0]LogFileHelpers: Loading map 'DemoMap' took 0.535
[2018.06.01-21.32.22:165][  0]LogCollectionManager: Loaded 0 collections in 0.002044 seconds
[2018.06.01-21.32.22:243][  0]LogFileCache: Scanning file cache for directory 'C:/Users/rhark_000/Desktop/UE4_Wwise_Startup/Saved/Collections/' took 0.01s
[2018.06.01-21.32.22:243][  0]LogFileCache: Scanning file cache for directory 'C:/Users/rhark_000/Desktop/UE4_Wwise_Startup/Content/Developers/rhark000/Collections/' took 0.01s
[2018.06.01-21.32.22:243][  0]LogFileCache: Scanning file cache for directory 'C:/Users/rhark_000/Desktop/UE4_Wwise_Startup/Content/Collections/' took 0.01s
[2018.06.01-21.32.22:243][  0]LogCollectionManager: Rebuilt the GUID cache for 0 collections in 0.000001 seconds
[2018.06.01-21.32.22:254][  0]LogContentBrowser: Native class hierarchy populated in 0.0105 seconds. Added 2447 classes and 512 folders.
[2018.06.01-21.32.22:322][  0]LogContentBrowser: Native class hierarchy updated for 'WidgetCarousel' in 0.0026 seconds. Added 0 classes and 0 folders.
[2018.06.01-21.32.22:369][  0]LogContentBrowser: Native class hierarchy updated for 'AddContentDialog' in 0.0025 seconds. Added 0 classes and 0 folders.
[2018.06.01-21.32.22:420][  0]LogContentBrowser: Native class hierarchy updated for 'SceneOutliner' in 0.0019 seconds. Added 1 classes and 2 folders.
[2018.06.01-21.32.22:737][  0]LogSlate: Took 0.000204 seconds to synchronously load lazily loaded font '../../../Engine/Content/Slate/Fonts/Roboto-Regular.ttf' (155K)
[2018.06.01-21.32.22:740][  0]LogSlate: Took 0.000282 seconds to synchronously load lazily loaded font '../../../Engine/Content/Slate/Fonts/Roboto-Bold.ttf' (160K)
[2018.06.01-21.32.22:749][  0]LogSlate: Took 0.000277 seconds to synchronously load lazily loaded font '../../../Engine/Content/Editor/Slate/Fonts/FontAwesome.ttf' (139K)
[2018.06.01-21.32.22:863][  0]LogRenderer: Reallocating scene render targets to support 624x296 Format 10 NumSamples 1 (Frame:1).
[2018.06.01-21.32.22:908][  0]LogSlate: Took 0.000296 seconds to synchronously load lazily loaded font '../../../Engine/Content/Slate/Fonts/Roboto-Light.ttf' (159K)
[2018.06.01-21.32.23:034][  0]LogContentBrowser: Native class hierarchy updated for 'HierarchicalLODOutliner' in 0.0018 seconds. Added 1 classes and 2 folders.
[2018.06.01-21.32.23:034][  0]LogLoad: (Engine Initialization) Total time: 25.11 seconds
[2018.06.01-21.32.23:034][  0]LogLoad: (Engine Initialization) Total Blueprint compile time: 0.00 seconds
[2018.06.01-21.32.23:034][  0]LogExternalProfiler: No external profilers were discovered.  External profiling features will not be available.
[2018.06.01-21.32.23:044][  0]LogWindowsTextInputMethodSystem: Display: IME system now deactivated.
[2018.06.01-21.32.23:066][  0]LogContentStreaming: Texture pool size now 1000 MB
[2018.06.01-21.32.23:117][  1]LogAssetRegistry: Asset discovery search completed in 16.2382 seconds
[2018.06.01-21.32.23:129][  1]LogCollectionManager: Rebuilt the object cache for 0 collections in 0.000000 seconds (found 0 objects)
[2018.06.01-21.32.23:129][  1]LogCollectionManager: Fixed up redirectors for 0 collections in 0.000087 seconds (updated 0 objects)
[2018.06.01-21.33.27:452][660]LogTemp: Repeating last play command: Selected Viewport
[2018.06.01-21.33.27:655][660]LogPlayLevel: PlayLevel: No blueprints needed recompiling
[2018.06.01-21.33.27:656][660]PIE: New page: PIE session: DemoMap (Jun 1, 2018, 7:33:27 AM)
[2018.06.01-21.33.27:656][660]LogPlayLevel: Creating play world package: /Game/Map/UEDPIE_0_DemoMap
[2018.06.01-21.33.27:659][660]LogPlayLevel: PIE: StaticDuplicateObject took: (0.002946s)
[2018.06.01-21.33.27:660][660]LogAIModule: Creating AISystem for world DemoMap
[2018.06.01-21.33.27:660][660]LogPlayLevel: PIE: World Init took: (0.001080s)
[2018.06.01-21.33.27:660][660]LogPlayLevel: PIE: Created PIE world by copying editor world from /Game/Map/DemoMap.DemoMap to /Game/Map/UEDPIE_0_DemoMap.DemoMap (0.004440s)
[2018.06.01-21.33.27:673][660]LogInit: XAudio2 using 'Speakers (Logitech G430 Gaming Headset)' : 2 channels at 48 kHz using 16 bits per sample (channel mask 0x3)
[2018.06.01-21.33.27:680][660]LogInit: FAudioDevice initialized.
[2018.06.01-21.33.27:991][660]LogLoad: Game class is 'GameModeBase'
[2018.06.01-21.33.27:993][660]LogWorld: Bringing World /Game/Map/UEDPIE_0_DemoMap.DemoMap up for play (max tick rate 0) at 2018.06.01-14.33.27
[2018.06.01-21.33.27:994][660]LogWorld: Bringing up level for play took: 0.001651
[2018.06.01-21.33.28:041][660]LogContentBrowser: Native class hierarchy updated for 'MovieSceneCapture' in 0.0018 seconds. Added 11 classes and 0 folders.
[2018.06.01-21.33.28:042][660]PIE: Play in editor start time for /Game/Map/UEDPIE_0_DemoMap -0.035
[2018.06.01-21.33.33:864][233]LogWindowsTextInputMethodSystem: Display: IME system now deactivated.
[2018.06.01-21.33.34:338][234]Cmd: QUIT_EDITOR
[2018.06.01-21.33.34:810][234]LogExit: Preparing to exit.
[2018.06.01-21.33.35:925][234]LogAkAudio: Error: Unload bank failed, requested bank was not found.
[2018.06.01-21.33.35:927][234]LogDirectoryWatcher: A directory notification for 'C:/Users/rhark_000/Desktop/UE4_Wwise_Startup/Content/' was aborted.
[2018.06.01-21.33.35:944][234]LogExit: Editor shut down
[2018.06.01-21.33.35:947][234]LogExit: Transaction tracking system shut down
[2018.06.01-21.33.36:162][234]LogDirectoryWatcher: A directory notification for '../../../Engine/Content/' was aborted.
[2018.06.01-21.33.36:163][234]LogDirectoryWatcher: A directory notification for '../../../../../../Users/rhark_000/Desktop/UE4_Wwise_Startup/Content/' was aborted.
[2018.06.01-21.33.36:163][234]LogDirectoryWatcher: A directory notification for '../../../Engine/Plugins/2D/Paper2D/Content/' was aborted.
[2018.06.01-21.33.36:163][234]LogDirectoryWatcher: A directory notification for '../../../Engine/Plugins/Runtime/Oculus/OculusVR/Content/' was aborted.
[2018.06.01-21.33.36:163][234]LogDirectoryWatcher: A directory notification for '../../../Engine/Plugins/Runtime/Steam/SteamVR/Content/' was aborted.
[2018.06.01-21.33.36:163][234]LogDirectoryWatcher: A directory notification for '../../../../../../Users/rhark_000/Desktop/UE4_Wwise_Startup/Plugins/Wwise/Content/' was aborted.
[2018.06.01-21.33.36:209][234]LogExit: Object subsystem successfully closed.
[2018.06.01-21.33.36:223][234]LogD3D11RHI: Shutdown
[2018.06.01-21.33.36:223][234]LogD3D11RHI: CleanupD3DDevice
[2018.06.01-21.33.36:582][234]LogD3D11RHI: ~FD3D11DynamicRHI
[2018.06.01-21.33.36:600][234]LogModuleManager: Shutting down and abandoning module MovieSceneCapture (538)
[2018.06.01-21.33.36:600][234]LogModuleManager: Shutting down and abandoning module HierarchicalLODOutliner (536)
[2018.06.01-21.33.36:600][234]LogModuleManager: Shutting down and abandoning module SceneOutliner (534)
[2018.06.01-21.33.36:600][234]LogModuleManager: Shutting down and abandoning module AddContentDialog (532)
[2018.06.01-21.33.36:600][234]LogDirectoryWatcher: A directory notification for 'C:/Program Files/Epic Games/UE_4.17/FeaturePacks/' was aborted.
[2018.06.01-21.33.36:601][234]LogModuleManager: Shutting down and abandoning module WidgetCarousel (531)
[2018.06.01-21.33.36:601][234]LogModuleManager: Shutting down and abandoning module EditorWidgets (528)
[2018.06.01-21.33.36:601][234]LogModuleManager: Shutting down and abandoning module CollectionManager (526)
[2018.06.01-21.33.36:601][234]LogDirectoryWatcher: A directory notification for 'C:/Users/rhark_000/Desktop/UE4_Wwise_Startup/Content/Collections/' was aborted.
[2018.06.01-21.33.36:601][234]LogDirectoryWatcher: A directory notification for 'C:/Users/rhark_000/Desktop/UE4_Wwise_Startup/Content/Developers/rhark000/Collections/' was aborted.
[2018.06.01-21.33.36:601][234]LogDirectoryWatcher: A directory notification for 'C:/Users/rhark_000/Desktop/UE4_Wwise_Startup/Saved/Collections/' was aborted.
[2018.06.01-21.33.36:602][234]LogModuleManager: Shutting down and abandoning module StatsViewer (524)
[2018.06.01-21.33.36:602][234]LogModuleManager: Shutting down and abandoning module FoliageEdit (522)
[2018.06.01-21.33.36:602][234]LogModuleManager: Shutting down and abandoning module LandscapeEditor (520)
[2018.06.01-21.33.36:602][234]LogModuleManager: Shutting down and abandoning module MeshPaintMode (518)
[2018.06.01-21.33.36:602][234]LogModuleManager: Shutting down and abandoning module SceneDepthPickerMode (516)
[2018.06.01-21.33.36:602][234]LogModuleManager: Shutting down and abandoning module ActorPickerMode (514)
[2018.06.01-21.33.36:602][234]LogModuleManager: Shutting down and abandoning module GeometryMode (512)
[2018.06.01-21.33.36:602][234]LogModuleManager: Shutting down and abandoning module TextureAlignMode (510)
[2018.06.01-21.33.36:602][234]LogModuleManager: Shutting down and abandoning module BspMode (508)
[2018.06.01-21.33.36:602][234]LogModuleManager: Shutting down and abandoning module PIEPreviewDeviceProfileSelector (506)
[2018.06.01-21.33.36:602][234]LogModuleManager: Shutting down and abandoning module HardwareSurvey (504)
[2018.06.01-21.33.36:602][234]LogModuleManager: Shutting down and abandoning module SequenceRecorderSections (502)
[2018.06.01-21.33.36:602][234]LogModuleManager: Shutting down and abandoning module AutomationWorker (500)
[2018.06.01-21.33.36:602][234]LogModuleManager: Shutting down and abandoning module AudiokineticTools (498)
[2018.06.01-21.33.36:602][234]LogModuleManager: Shutting down and abandoning module MatineeToLevelSequence (496)
[2018.06.01-21.33.36:602][234]LogModuleManager: Shutting down and abandoning module LevelSequenceEditor (494)
[2018.06.01-21.33.36:602][234]LogModuleManager: Shutting down and abandoning module PlacementMode (493)
[2018.06.01-21.33.36:602][234]LogModuleManager: Shutting down and abandoning module WmfMediaFactory (490)
[2018.06.01-21.33.36:602][234]LogModuleManager: Shutting down and abandoning module WmfMediaEditor (488)
[2018.06.01-21.33.36:602][234]LogModuleManager: Shutting down and abandoning module AvfMediaFactory (486)
[2018.06.01-21.33.36:602][234]LogModuleManager: Shutting down and abandoning module AvfMediaEditor (484)
[2018.06.01-21.33.36:602][234]LogModuleManager: Shutting down and abandoning module AndroidMediaFactory (482)
[2018.06.01-21.33.36:602][234]LogModuleManager: Shutting down and abandoning module Media (481)
[2018.06.01-21.33.36:602][234]LogModuleManager: Shutting down and abandoning module AndroidMediaEditor (478)
[2018.06.01-21.33.36:602][234]LogModuleManager: Shutting down and abandoning module CharacterAI (476)
[2018.06.01-21.33.36:602][234]LogModuleManager: Shutting down and abandoning module AudioCapture (474)
[2018.06.01-21.33.36:602][234]LogModuleManager: Shutting down and abandoning module SequenceRecorder (473)
[2018.06.01-21.33.36:602][234]LogModuleManager: Shutting down and abandoning module SmartSnapping (470)
[2018.06.01-21.33.36:603][234]LogModuleManager: Shutting down and abandoning module SessionServices (468)
[2018.06.01-21.33.36:603][234]LogModuleManager: Shutting down and abandoning module ViewportSnapping (466)
[2018.06.01-21.33.36:603][234]LogModuleManager: Shutting down and abandoning module ViewportInteraction (464)
[2018.06.01-21.33.36:603][234]LogModuleManager: Shutting down and abandoning module ClothPainter (462)
[2018.06.01-21.33.36:603][234]LogModuleManager: Shutting down and abandoning module LogVisualizer (460)
[2018.06.01-21.33.36:603][234]LogModuleManager: Shutting down and abandoning module IntroTutorials (458)
[2018.06.01-21.33.36:603][234]LogModuleManager: Shutting down and abandoning module GameProjectGeneration (457)
[2018.06.01-21.33.36:603][234]LogModuleManager: Shutting down and abandoning module IOSPlatformEditor (454)
[2018.06.01-21.33.36:603][234]LogModuleManager: Shutting down and abandoning module HTML5PlatformEditor (452)
[2018.06.01-21.33.36:603][234]LogModuleManager: Shutting down and abandoning module AndroidPlatformEditor (450)
[2018.06.01-21.33.36:603][234]LogModuleManager: Shutting down and abandoning module AndroidDeviceDetection (449)
[2018.06.01-21.33.37:329][234]LogModuleManager: Shutting down and abandoning module WindowsPlatformEditor (446)
[2018.06.01-21.33.37:329][234]LogModuleManager: Shutting down and abandoning module IOSRuntimeSettings (444)
[2018.06.01-21.33.37:329][234]LogModuleManager: Shutting down and abandoning module AndroidRuntimeSettings (442)
[2018.06.01-21.33.37:329][234]LogModuleManager: Shutting down and abandoning module InputBindingEditor (440)
[2018.06.01-21.33.37:329][234]LogModuleManager: Shutting down and abandoning module MergeActors (438)
[2018.06.01-21.33.37:329][234]LogModuleManager: Shutting down and abandoning module SizeMap (436)
[2018.06.01-21.33.37:329][234]LogModuleManager: Shutting down and abandoning module TreeMap (434)
[2018.06.01-21.33.37:329][234]LogModuleManager: Shutting down and abandoning module ReferenceViewer (432)
[2018.06.01-21.33.37:329][234]LogModuleManager: Shutting down and abandoning module LocalizationDashboard (430)
[2018.06.01-21.33.37:330][234]LogModuleManager: Shutting down and abandoning module LocalizationService (429)
[2018.06.01-21.33.37:330][234]LogModuleManager: Shutting down and abandoning module HardwareTargeting (426)
[2018.06.01-21.33.37:330][234]LogModuleManager: Shutting down and abandoning module DeviceProfileEditor (424)
[2018.06.01-21.33.37:330][234]LogModuleManager: Shutting down and abandoning module UndoHistory (422)
[2018.06.01-21.33.37:330][234]LogModuleManager: Shutting down and abandoning module XmlParser (420)
[2018.06.01-21.33.37:330][234]LogModuleManager: Shutting down and abandoning module Blutility (418)
[2018.06.01-21.33.37:330][234]LogModuleManager: Shutting down and abandoning module ProjectSettingsViewer (416)
[2018.06.01-21.33.37:330][234]LogModuleManager: Shutting down and abandoning module ProjectTargetPlatformEditor (415)
[2018.06.01-21.33.37:330][234]LogModuleManager: Shutting down and abandoning module EditorSettingsViewer (412)
[2018.06.01-21.33.37:330][234]LogModuleManager: Shutting down and abandoning module SettingsEditor (410)
[2018.06.01-21.33.37:330][234]LogModuleManager: Shutting down and abandoning module ProjectLauncher (408)
[2018.06.01-21.33.37:330][234]LogModuleManager: Shutting down and abandoning module SessionFrontend (406)
[2018.06.01-21.33.37:330][234]LogModuleManager: Shutting down and abandoning module ProfilerClient (404)
[2018.06.01-21.33.37:330][234]LogModuleManager: Shutting down and abandoning module DeviceManager (402)
[2018.06.01-21.33.37:330][234]LogModuleManager: Shutting down and abandoning module TargetDeviceServices (401)
[2018.06.01-21.33.37:394][234]LogModuleManager: Shutting down and abandoning module AutomationController (398)
[2018.06.01-21.33.37:394][234]LogModuleManager: Shutting down and abandoning module AutomationWindow (396)
[2018.06.01-21.33.37:394][234]LogModuleManager: Shutting down and abandoning module Layers (394)
[2018.06.01-21.33.37:394][234]LogModuleManager: Shutting down and abandoning module ComponentVisualizers (392)
[2018.06.01-21.33.37:394][234]LogModuleManager: Shutting down and abandoning module DetailCustomizations (390)
[2018.06.01-21.33.37:394][234]LogModuleManager: Shutting down and abandoning module PackagesDialog (388)
[2018.06.01-21.33.37:394][234]LogModuleManager: Shutting down and abandoning module Persona (386)
[2018.06.01-21.33.37:394][234]LogModuleManager: Shutting down and abandoning module AdvancedPreviewScene (385)
[2018.06.01-21.33.37:394][234]LogModuleManager: Shutting down and abandoning module AnimGraph (383)
[2018.06.01-21.33.37:394][234]LogModuleManager: Shutting down and abandoning module Kismet (380)
[2018.06.01-21.33.37:394][234]LogModuleManager: Shutting down and abandoning module ClassViewer (378)
[2018.06.01-21.33.37:394][234]LogModuleManager: Shutting down and abandoning module Toolbox (376)
[2018.06.01-21.33.37:394][234]LogModuleManager: Shutting down and abandoning module ModuleUI (374)
[2018.06.01-21.33.37:394][234]LogModuleManager: Shutting down and abandoning module MovieSceneTools (372)
[2018.06.01-21.33.37:394][234]LogModuleManager: Shutting down and abandoning module OutputLog (370)
[2018.06.01-21.33.37:394][234]LogModuleManager: Shutting down and abandoning module GammaUI (368)
[2018.06.01-21.33.37:394][234]LogModuleManager: Shutting down and abandoning module Documentation (366)
[2018.06.01-21.33.37:394][234]LogModuleManager: Shutting down and abandoning module MovieSceneTracks (364)
[2018.06.01-21.33.37:394][234]LogModuleManager: Shutting down and abandoning module MovieScene (362)
[2018.06.01-21.33.37:394][234]LogModuleManager: Shutting down and abandoning module Niagara (360)
[2018.06.01-21.33.37:394][234]LogModuleManager: Shutting down and abandoning module NiagaraEditor (359)
[2018.06.01-21.33.37:395][234]LogModuleManager: Shutting down and abandoning module StreamingPauseRendering (356)
[2018.06.01-21.33.37:395][234]LogModuleManager: Shutting down and abandoning module LauncherPlatform (354)
[2018.06.01-21.33.37:395][234]LogModuleManager: Shutting down and abandoning module AnalyticsET (352)
[2018.06.01-21.33.37:395][234]LogModuleManager: Shutting down and abandoning module PortalServices (350)
[2018.06.01-21.33.37:395][234]LogModuleManager: Shutting down and abandoning module PortalRpc (348)
[2018.06.01-21.33.37:395][234]LogModuleManager: Shutting down and abandoning module MessagingRpc (346)
[2018.06.01-21.33.37:395][234]LogModuleManager: Shutting down and abandoning module AIModule (344)
[2018.06.01-21.33.37:395][234]LogModuleManager: Shutting down and abandoning module GameplayDebugger (343)
[2018.06.01-21.33.37:395][234]LogModuleManager: Shutting down and abandoning module AITestSuite (341)
[2018.06.01-21.33.37:395][234]LogModuleManager: Shutting down and abandoning module ProfilerService (338)
[2018.06.01-21.33.37:633][234]LogModuleManager: Shutting down and abandoning module TaskGraph (336)
[2018.06.01-21.33.37:633][234]LogModuleManager: Shutting down and abandoning module SteamVRController (334)
[2018.06.01-21.33.37:633][234]LogModuleManager: Shutting down and abandoning module ProceduralMeshComponentEditor (332)
[2018.06.01-21.33.37:633][234]LogModuleManager: Shutting down and abandoning module ProceduralMeshComponent (330)
[2018.06.01-21.33.37:633][234]LogModuleManager: Shutting down and abandoning module OculusInput (328)
[2018.06.01-21.33.37:633][234]LogModuleManager: Shutting down and abandoning module MobilePatchingUtils (326)
[2018.06.01-21.33.37:633][234]LogModuleManager: Shutting down and abandoning module CustomMeshComponent (324)
[2018.06.01-21.33.37:633][234]LogModuleManager: Shutting down and abandoning module CableComponent (322)
[2018.06.01-21.33.37:633][234]LogModuleManager: Shutting down and abandoning module ArchVisCharacter (320)
[2018.06.01-21.33.37:633][234]LogModuleManager: Shutting down and abandoning module AndroidPermission (318)
[2018.06.01-21.33.37:633][234]LogModuleManager: Shutting down and abandoning module MediaPlayerEditor (314)
[2018.06.01-21.33.37:633][234]LogModuleManager: Shutting down and abandoning module HTML5Networking (312)
[2018.06.01-21.33.37:633][234]LogModuleManager: Shutting down and abandoning module AlembicImporter (310)
[2018.06.01-21.33.37:633][234]LogModuleManager: Shutting down and abandoning module AlembicLibrary (309)
[2018.06.01-21.33.37:633][234]LogModuleManager: Shutting down and abandoning module GeometryCache (308)
[2018.06.01-21.33.37:633][234]LogModuleManager: Shutting down and abandoning module GeometryCacheEd (307)
[2018.06.01-21.33.37:633][234]LogModuleManager: Shutting down and abandoning module SpeedTreeImporter (302)
[2018.06.01-21.33.37:633][234]LogModuleManager: Shutting down and abandoning module PluginBrowser (300)
[2018.06.01-21.33.37:634][234]LogModuleManager: Shutting down and abandoning module MobileLauncherProfileWizard (298)
[2018.06.01-21.33.37:634][234]LogModuleManager: Shutting down and abandoning module VisualStudioSourceCodeAccess (296)
[2018.06.01-21.33.37:634][234]LogModuleManager: Shutting down and abandoning module DesktopPlatform (295)
[2018.06.01-21.33.37:634][234]LogModuleManager: Shutting down and abandoning module UObjectPlugin (292)
[2018.06.01-21.33.37:634][234]LogModuleManager: Shutting down and abandoning module SubversionSourceControl (290)
[2018.06.01-21.33.37:634][234]LogModuleManager: Shutting down and abandoning module PerforceSourceControl (288)
[2018.06.01-21.33.37:634][234]LogModuleManager: Shutting down and abandoning module GitSourceControl (286)
[2018.06.01-21.33.37:634][234]LogModuleManager: Shutting down and abandoning module SourceControl (285)
[2018.06.01-21.33.37:634][234]LogModuleManager: Shutting down and abandoning module LightPropagationVolumeEditor (282)
[2018.06.01-21.33.37:634][234]LogModuleManager: Shutting down and abandoning module PaperTiledImporter (280)
[2018.06.01-21.33.37:634][234]LogModuleManager: Shutting down and abandoning module PaperSpriteSheetImporter (278)
[2018.06.01-21.33.37:634][234]LogModuleManager: Shutting down and abandoning module Paper2DEditor (276)
[2018.06.01-21.33.37:634][234]LogModuleManager: Shutting down and abandoning module MeshPaint (275)
[2018.06.01-21.33.37:634][234]LogModuleManager: Shutting down and abandoning module LevelEditor (273)
[2018.06.01-21.33.37:635][234]LogModuleManager: Shutting down and abandoning module PixelInspectorModule (272)
[2018.06.01-21.33.37:635][234]LogModuleManager: Shutting down and abandoning module MainFrame (270)
[2018.06.01-21.33.37:635][234]LogModuleManager: Shutting down and abandoning module HotReload (269)
[2018.06.01-21.33.37:635][234]LogDirectoryWatcher: A directory notification for 'C:/Users/rhark_000/Desktop/UE4_Wwise_Startup/Binaries/Win64' was aborted.
[2018.06.01-21.33.37:635][234]LogDirectoryWatcher: A directory notification for 'C:/Users/rhark_000/Desktop/UE4_Wwise_Startup/Plugins/Wwise/Binaries/Win64' was aborted.
[2018.06.01-21.33.37:635][234]LogModuleManager: Shutting down and abandoning module Startup (264)
[2018.06.01-21.33.37:635][234]LogModuleManager: Shutting down and abandoning module AkAudio (262)
[2018.06.01-21.33.37:676][234]LogInit: Audiokinetic Audio Device terminated.
[2018.06.01-21.33.37:676][234]LogModuleManager: Shutting down and abandoning module RuntimePhysXCooking (260)
[2018.06.01-21.33.37:676][234]LogModuleManager: Shutting down and abandoning module PhysXVehiclesEditor (258)
[2018.06.01-21.33.37:676][234]LogModuleManager: Shutting down and abandoning module PhysXVehicles (256)
[2018.06.01-21.33.37:676][234]LogModuleManager: Shutting down and abandoning module OculusEditor (254)
[2018.06.01-21.33.37:676][234]LogModuleManager: Shutting down and abandoning module LocationServicesBPLibrary (252)
[2018.06.01-21.33.37:676][234]LogModuleManager: Shutting down and abandoning module ImmediatePhysicsEditor (250)
[2018.06.01-21.33.37:676][234]LogModuleManager: Shutting down and abandoning module ImmediatePhysics (248)
[2018.06.01-21.33.37:676][234]LogModuleManager: Shutting down and abandoning module UdpMessaging (246)
[2018.06.01-21.33.37:777][234]LogModuleManager: Shutting down and abandoning module TcpMessaging (244)
[2018.06.01-21.33.37:878][234]LogModuleManager: Shutting down and abandoning module GameplayTagsEditor (242)
[2018.06.01-21.33.37:878][234]LogModuleManager: Shutting down and abandoning module FacialAnimationEditor (240)
[2018.06.01-21.33.37:878][234]LogModuleManager: Shutting down and abandoning module FacialAnimation (238)
[2018.06.01-21.33.37:878][234]LogModuleManager: Shutting down and abandoning module AssetManagerEditor (236)
[2018.06.01-21.33.37:878][234]LogModuleManager: Shutting down and abandoning module GraphEditor (235)
[2018.06.01-21.33.37:878][234]LogModuleManager: Shutting down and abandoning module ContentBrowser (233)
[2018.06.01-21.33.37:879][234]LogModuleManager: Shutting down and abandoning module LightPropagationVolumeRuntime (230)
[2018.06.01-21.33.37:879][234]LogModuleManager: Shutting down and abandoning module Paper2D (228)
[2018.06.01-21.33.37:879][234]LogModuleManager: Shutting down and abandoning module WindowsMoviePlayer (226)
[2018.06.01-21.33.37:879][234]LogModuleManager: Shutting down and abandoning module WmfMedia (224)
[2018.06.01-21.33.37:880][234]LogModuleManager: Shutting down and abandoning module PacketHandler (222)
[2018.06.01-21.33.37:880][234]LogModuleManager: Shutting down and abandoning module ClothingSystemEditor (220)
[2018.06.01-21.33.37:881][234]LogModuleManager: Shutting down and abandoning module ClothingSystemRuntime (218)
[2018.06.01-21.33.37:881][234]LogModuleManager: Shutting down and abandoning module Overlay (216)
[2018.06.01-21.33.37:881][234]LogModuleManager: Shutting down and abandoning module OverlayEditor (215)
[2018.06.01-21.33.37:881][234]LogModuleManager: Shutting down and abandoning module MediaAssets (212)
[2018.06.01-21.33.37:881][234]LogModuleManager: Shutting down and abandoning module VREditor (210)
[2018.06.01-21.33.37:881][234]LogModuleManager: Shutting down and abandoning module StringTableEditor (208)
[2018.06.01-21.33.37:881][234]LogModuleManager: Shutting down and abandoning module GameplayTasksEditor (206)
[2018.06.01-21.33.37:881][234]LogModuleManager: Shutting down and abandoning module BehaviorTreeEditor (204)
[2018.06.01-21.33.37:881][234]LogModuleManager: Shutting down and abandoning module FunctionalTesting (202)
[2018.06.01-21.33.37:881][234]LogModuleManager: Shutting down and abandoning module CollisionAnalyzer (200)
[2018.06.01-21.33.37:881][234]LogModuleManager: Shutting down and abandoning module WorkspaceMenuStructure (199)
[2018.06.01-21.33.37:881][234]LogModuleManager: Shutting down and abandoning module UMG (196)
[2018.06.01-21.33.37:881][234]LogModuleManager: Shutting down and abandoning module UMGEditor (195)
[2018.06.01-21.33.37:881][234]LogModuleManager: Shutting down and abandoning module Sequencer (194)
[2018.06.01-21.33.37:881][234]LogModuleManager: Shutting down and abandoning module MessageLog (191)
[2018.06.01-21.33.37:881][234]LogModuleManager: Shutting down and abandoning module SlateReflector (186)
[2018.06.01-21.33.37:881][234]LogModuleManager: Shutting down and abandoning module Slate (184)
[2018.06.01-21.33.37:881][234]LogModuleManager: Shutting down and abandoning module EditorStyle (182)
[2018.06.01-21.33.37:883][234]LogModuleManager: Shutting down and abandoning module MRMesh (180)
[2018.06.01-21.33.37:883][234]LogModuleManager: Shutting down and abandoning module SourceCodeAccess (178)
[2018.06.01-21.33.37:883][234]LogModuleManager: Shutting down and abandoning module HeadMountedDisplay (176)
[2018.06.01-21.33.37:884][234]LogModuleManager: Shutting down and abandoning module XAudio2 (174)
[2018.06.01-21.33.37:884][234]LogModuleManager: Shutting down and abandoning module Networking (172)
[2018.06.01-21.33.37:884][234]LogModuleManager: Shutting down and abandoning module Core (168)
[2018.06.01-21.33.37:884][234]LogModuleManager: Shutting down and abandoning module KismetCompiler (164)
[2018.06.01-21.33.37:884][234]LogModuleManager: Shutting down and abandoning module LevelSequence (162)
[2018.06.01-21.33.37:884][234]LogModuleManager: Shutting down and abandoning module MeshUtilities (160)
[2018.06.01-21.33.37:884][234]LogModuleManager: Shutting down and abandoning module MeshMergeUtilities (159)
[2018.06.01-21.33.37:884][234]LogModuleManager: Shutting down and abandoning module MeshReductionInterface (158)
[2018.06.01-21.33.37:884][234]LogModuleManager: Shutting down and abandoning module SimplygonSwarm (157)
[2018.06.01-21.33.37:884][234]LogModuleManager: Shutting down and abandoning module SimplygonMeshReduction (155)
[2018.06.01-21.33.37:884][234]LogModuleManager: Shutting down and abandoning module QuadricMeshReduction (153)
[2018.06.01-21.33.37:884][234]LogModuleManager: Shutting down and abandoning module MaterialBaking (149)
[2018.06.01-21.33.37:884][234]LogModuleManager: Shutting down and abandoning module DirectoryWatcher (146)
[2018.06.01-21.33.37:885][234]LogModuleManager: Shutting down and abandoning module DerivedDataCache (144)
[2018.06.01-21.33.38:645][234]LogDerivedDataCache: Shutdown
[2018.06.01-21.33.38:645][234]LogModuleManager: Shutting down and abandoning module TargetPlatform (142)
[2018.06.01-21.33.38:645][234]LogModuleManager: Shutting down and abandoning module VulkanShaderFormat (141)
[2018.06.01-21.33.38:645][234]LogModuleManager: Shutting down and abandoning module ShaderFormatVectorVM (139)
[2018.06.01-21.33.38:645][234]LogModuleManager: Shutting down and abandoning module ShaderFormatOpenGL (137)
[2018.06.01-21.33.38:645][234]LogModuleManager: Shutting down and abandoning module ShaderFormatD3D (135)
[2018.06.01-21.33.38:645][234]LogModuleManager: Shutting down and abandoning module MetalShaderFormat (133)
[2018.06.01-21.33.38:645][234]LogModuleManager: Shutting down and abandoning module TextureFormatUncompressed (131)
[2018.06.01-21.33.38:645][234]LogModuleManager: Shutting down and abandoning module TextureFormatPVR (129)
[2018.06.01-21.33.38:645][234]LogModuleManager: Shutting down and abandoning module TextureFormatDXT (127)
[2018.06.01-21.33.38:645][234]LogModuleManager: Shutting down and abandoning module TextureFormatIntelISPCTexComp (125)
[2018.06.01-21.33.38:646][234]LogModuleManager: Shutting down and abandoning module TextureFormatASTC (123)
[2018.06.01-21.33.38:646][234]LogModuleManager: Shutting down and abandoning module ImageWrapper (122)
[2018.06.01-21.33.38:646][234]LogModuleManager: Shutting down and abandoning module TextureFormatAndroid (119)
[2018.06.01-21.33.38:646][234]LogModuleManager: Shutting down and abandoning module AudioFormatOpus (117)
[2018.06.01-21.33.38:646][234]LogModuleManager: Shutting down and abandoning module AudioFormatOgg (115)
[2018.06.01-21.33.38:646][234]LogModuleManager: Shutting down and abandoning module AudioFormatADPCM (113)
[2018.06.01-21.33.38:646][234]LogModuleManager: Shutting down and abandoning module LinuxTargetPlatform (111)
[2018.06.01-21.33.38:646][234]LogModuleManager: Shutting down and abandoning module LinuxServerTargetPlatform (109)
[2018.06.01-21.33.38:646][234]LogModuleManager: Shutting down and abandoning module LinuxNoEditorTargetPlatform (107)
[2018.06.01-21.33.38:646][234]LogModuleManager: Shutting down and abandoning module LinuxClientTargetPlatform (105)
[2018.06.01-21.33.38:646][234]LogModuleManager: Shutting down and abandoning module TVOSTargetPlatform (103)
[2018.06.01-21.33.38:646][234]LogModuleManager: Shutting down and abandoning module Messaging (101)
[2018.06.01-21.33.38:646][234]LogModuleManager: Shutting down and abandoning module IOSTargetPlatform (99)
[2018.06.01-21.33.38:646][234]LogModuleManager: Shutting down and abandoning module HTML5TargetPlatform (97)
[2018.06.01-21.33.38:646][234]LogModuleManager: Shutting down and abandoning module Android_PVRTCTargetPlatform (95)
[2018.06.01-21.33.38:646][234]LogModuleManager: Shutting down and abandoning module Android_MultiTargetPlatform (93)
[2018.06.01-21.33.38:646][234]LogModuleManager: Shutting down and abandoning module Android_ETC2TargetPlatform (91)
[2018.06.01-21.33.38:646][234]LogModuleManager: Shutting down and abandoning module Android_ETC1TargetPlatform (89)
[2018.06.01-21.33.38:646][234]LogModuleManager: Shutting down and abandoning module Android_DXTTargetPlatform (87)
[2018.06.01-21.33.38:646][234]LogModuleManager: Shutting down and abandoning module Android_ATCTargetPlatform (85)
[2018.06.01-21.33.38:646][234]LogModuleManager: Shutting down and abandoning module Android_ASTCTargetPlatform (83)
[2018.06.01-21.33.38:646][234]LogModuleManager: Shutting down and abandoning module AndroidTargetPlatform (81)
[2018.06.01-21.33.38:646][234]LogModuleManager: Shutting down and abandoning module WindowsTargetPlatform (79)
[2018.06.01-21.33.38:646][234]LogModuleManager: Shutting down and abandoning module WindowsServerTargetPlatform (77)
[2018.06.01-21.33.38:646][234]LogModuleManager: Shutting down and abandoning module WindowsNoEditorTargetPlatform (75)
[2018.06.01-21.33.38:646][234]LogModuleManager: Shutting down and abandoning module WindowsClientTargetPlatform (73)
[2018.06.01-21.33.38:646][234]LogModuleManager: Shutting down and abandoning module MacTargetPlatform (71)
[2018.06.01-21.33.38:646][234]LogModuleManager: Shutting down and abandoning module MacServerTargetPlatform (69)
[2018.06.01-21.33.38:646][234]LogModuleManager: Shutting down and abandoning module MacNoEditorTargetPlatform (67)
[2018.06.01-21.33.38:646][234]LogModuleManager: Shutting down and abandoning module MacClientTargetPlatform (65)
[2018.06.01-21.33.38:646][234]LogModuleManager: Shutting down and abandoning module AllDesktopTargetPlatform (63)
[2018.06.01-21.33.38:646][234]LogModuleManager: Shutting down and abandoning module InputCore (60)
[2018.06.01-21.33.38:646][234]LogModuleManager: Shutting down and abandoning module Settings (58)
[2018.06.01-21.33.38:646][234]LogModuleManager: Shutting down and abandoning module PhysXCooking (56)
[2018.06.01-21.33.38:646][234]LogModuleManager: Shutting down and abandoning module SteamVR (54)
[2018.06.01-21.33.38:646][234]LogModuleManager: Shutting down and abandoning module OculusHMD (52)
[2018.06.01-21.33.38:646][234]LogModuleManager: Shutting down and abandoning module ExampleDeviceProfileSelector (50)
[2018.06.01-21.33.38:646][234]LogModuleManager: Shutting down and abandoning module OnlineBlueprintSupport (48)
[2018.06.01-21.33.38:646][234]LogModuleManager: Shutting down and abandoning module OnlineSubsystem (44)
[2018.06.01-21.33.38:646][234]LogOnline: Display: Unloading online subsystem: NULL
[2018.06.01-21.33.38:646][234]LogModuleManager: Shutting down and abandoning module XMPP (43)
[2018.06.01-21.33.38:646][234]LogModuleManager: Shutting down and abandoning module HTTP (41)
[2018.06.01-21.33.38:646][234]LogHttp: Display: Http module shutting down, but needs to wait on 1 outstanding Http requests:
[2018.06.01-21.33.38:646][234]LogHttp: Display: 	verb=[POST] url=[https://datarouter.ol.epicgames.com/datarouter/api/v1/public/data?SessionID=%7B991E53A9-4291-B806-F20A-9D928C4A8766%7D&AppID=UEEditor.Rocket.Release&AppVersion=4.17.2-3658906%2B%2B%2BUE4%2BRelease-4.17&UserID=a794d41b44b7a9cae83ce78525e8b550%7C227f39a2c8724c93a475f49e5a89d909%7C0c5d3c39-c626-4063-8da3-0fae07e21a73&AppEnvironment=datacollector-binary&UploadType=eteventstream] status=Processing
[2018.06.01-21.33.38:680][234]LogModuleManager: Shutting down and abandoning module SSL (40)
[2018.06.01-21.33.38:681][234]LogModuleManager: Shutting down and abandoning module AnimationModifiers (36)
[2018.06.01-21.33.38:681][234]LogModuleManager: Shutting down and abandoning module PropertyEditor (35)
[2018.06.01-21.33.38:681][234]LogModuleManager: Shutting down and abandoning module AudioEditor (32)
[2018.06.01-21.33.38:681][234]LogModuleManager: Shutting down and abandoning module TextureCompressor (30)
[2018.06.01-21.33.38:681][234]LogModuleManager: Shutting down and abandoning module ShaderCore (28)
[2018.06.01-21.33.38:681][234]LogModuleManager: Shutting down and abandoning module Landscape (26)
[2018.06.01-21.33.38:681][234]LogModuleManager: Shutting down and abandoning module SlateRHIRenderer (24)
[2018.06.01-21.33.38:682][234]LogModuleManager: Shutting down and abandoning module OpenGLDrv (22)
[2018.06.01-21.33.38:682][234]LogModuleManager: Shutting down and abandoning module D3D11RHI (20)
[2018.06.01-21.33.38:682][234]LogModuleManager: Shutting down and abandoning module AnimGraphRuntime (18)
[2018.06.01-21.33.38:682][234]LogModuleManager: Shutting down and abandoning module Renderer (16)
[2018.06.01-21.33.38:682][234]LogModuleManager: Shutting down and abandoning module Engine (14)
[2018.06.01-21.33.38:682][234]LogModuleManager: Shutting down and abandoning module CoreUObject (12)
[2018.06.01-21.33.38:682][234]LogModuleManager: Shutting down and abandoning module NetworkFile (10)
[2018.06.01-21.33.38:682][234]LogModuleManager: Shutting down and abandoning module CookedIterativeFile (8)
[2018.06.01-21.33.38:682][234]LogModuleManager: Shutting down and abandoning module StreamingFile (6)
[2018.06.01-21.33.38:682][234]LogModuleManager: Shutting down and abandoning module SandboxFile (4)
[2018.06.01-21.33.38:682][234]LogModuleManager: Shutting down and abandoning module PakFile (2)
[2018.06.01-21.33.38:685][234]LogExit: Exiting.
[2018.06.01-21.33.38:699][234]Log file closed, 06/01/18 14:33:38
